app/manifest-merger-release-report.txt
-- Merging decision tree log ---
manifest
ADDED from AndroidManifest.xml:2:1
	xmlns:android
		ADDED from AndroidManifest.xml:2:11
	package
		ADDED from AndroidManifest.xml:3:5
		INJECTED from AndroidManifest.xml:0:0
		INJECTED from AndroidManifest.xml:0:0
	android:versionName
		INJECTED from AndroidManifest.xml:0:0
		INJECTED from AndroidManifest.xml:0:0
	android:versionCode
		INJECTED from AndroidManifest.xml:0:0
		INJECTED from AndroidManifest.xml:0:0
uses-permission#android.permission.INTERNET
ADDED from AndroidManifest.xml:5:5
	android:name
		ADDED from AndroidManifest.xml:5:22
uses-permission#android.permission.ACCESS_NETWORK_STATE
ADDED from AndroidManifest.xml:6:5
	android:name
		ADDED from AndroidManifest.xml:6:22
uses-permission#android.permission.WRITE_EXTERNAL_STORAGE
ADDED from AndroidManifest.xml:7:5
	android:name
		ADDED from AndroidManifest.xml:7:22
uses-permission#android.permission.ACCESS_COARSE_LOCATION
ADDED from AndroidManifest.xml:9:5
	android:name
		ADDED from AndroidManifest.xml:9:22
uses-permission#android.permission.ACCESS_FINE_LOCATION
ADDED from AndroidManifest.xml:11:5
	android:name
		ADDED from AndroidManifest.xml:11:22
uses-permission#android.permission.ACCESS_WIFI_STATE
ADDED from AndroidManifest.xml:13:5
	android:name
		ADDED from AndroidManifest.xml:13:22
uses-permission#android.permission.CHANGE_WIFI_STATE
ADDED from AndroidManifest.xml:16:5
	android:name
		ADDED from AndroidManifest.xml:16:22
uses-permission#android.permission.READ_PHONE_STATE
ADDED from AndroidManifest.xml:18:5
	android:name
		ADDED from AndroidManifest.xml:18:22
uses-permission#android.permission.MOUNT_UNMOUNT_FILESYSTEMS
ADDED from AndroidManifest.xml:22:5
	android:name
		ADDED from AndroidManifest.xml:22:22
uses-permission#android.permission.READ_LOGS
ADDED from AndroidManifest.xml:24:5
	android:name
		ADDED from AndroidManifest.xml:24:22
uses-permission#android.permission.GET_TASKS
ADDED from AndroidManifest.xml:25:5
	android:name
		ADDED from AndroidManifest.xml:25:22
uses-permission#android.permission.SET_DEBUG_APP
ADDED from AndroidManifest.xml:26:5
	android:name
		ADDED from AndroidManifest.xml:26:22
uses-permission#android.permission.SYSTEM_ALERT_WINDOW
ADDED from AndroidManifest.xml:27:5
	android:name
		ADDED from AndroidManifest.xml:27:22
uses-permission#android.permission.GET_ACCOUNTS
ADDED from AndroidManifest.xml:28:5
	android:name
		ADDED from AndroidManifest.xml:28:22
uses-permission#android.permission.USE_CREDENTIALS
ADDED from AndroidManifest.xml:29:5
	android:name
		ADDED from AndroidManifest.xml:29:22
uses-permission#android.permission.MANAGE_ACCOUNTS
ADDED from AndroidManifest.xml:30:5
	android:name
		ADDED from AndroidManifest.xml:30:22
uses-permission#android.permission.DISABLE_KEYGUARD
ADDED from AndroidManifest.xml:31:5
	android:name
		ADDED from AndroidManifest.xml:31:22
application
ADDED from AndroidManifest.xml:33:5
MERGED from com.android.support:appcompat-v7:22.0.0:22:5
MERGED from com.android.support:support-v4:22.0.0:22:5
MERGED from com.android.support:support-v4:22.0.0:22:5
	android:label
		ADDED from AndroidManifest.xml:37:9
	android:allowBackup
		ADDED from AndroidManifest.xml:35:9
	android:icon
		ADDED from AndroidManifest.xml:36:9
	android:theme
		ADDED from AndroidManifest.xml:38:9
	android:name
		ADDED from AndroidManifest.xml:34:9
activity#pku.ss.cyy.myweather.MainActivity
ADDED from AndroidManifest.xml:39:9
	android:label
		ADDED from AndroidManifest.xml:41:13
	android:name
		ADDED from AndroidManifest.xml:40:13
	android:launchMode
		ADDED from AndroidManifest.xml:42:13
activity#pku.ss.cyy.myweather.SelectCity
ADDED from AndroidManifest.xml:51:9
	android:windowSoftInputMode
		ADDED from AndroidManifest.xml:55:13
	android:label
		ADDED from AndroidManifest.xml:53:13
	android:parentActivityName
		ADDED from AndroidManifest.xml:54:13
	android:name
		ADDED from AndroidManifest.xml:52:13
meta-data#android.support.PARENT_ACTIVITY
ADDED from AndroidManifest.xml:56:13
	android:name
		ADDED from AndroidManifest.xml:57:17
	android:value
		ADDED from AndroidManifest.xml:58:17
activity#pku.ss.cyy.myweather.Guide
ADDED from AndroidManifest.xml:60:9
	android:label
		ADDED from AndroidManifest.xml:62:13
	android:name
		ADDED from AndroidManifest.xml:61:13
activity#pku.ss.cyy.myweather.StartPage
ADDED from AndroidManifest.xml:64:9
	android:label
		ADDED from AndroidManifest.xml:66:13
	android:name
		ADDED from AndroidManifest.xml:65:13
intent-filter#android.intent.action.MAIN+android.intent.category.LAUNCHER
ADDED from AndroidManifest.xml:67:13
action#android.intent.action.MAIN
ADDED from AndroidManifest.xml:68:17
	android:name
		ADDED from AndroidManifest.xml:68:25
category#android.intent.category.LAUNCHER
ADDED from AndroidManifest.xml:70:17
	android:name
		ADDED from AndroidManifest.xml:70:27
service#pku.ss.cyy.service.UpdateService
ADDED from AndroidManifest.xml:74:9
	android:exported
		ADDED from AndroidManifest.xml:77:13
	android:enabled
		ADDED from AndroidManifest.xml:76:13
	android:name
		ADDED from AndroidManifest.xml:75:13
service#com.umeng.update.net.DownloadingService
ADDED from AndroidManifest.xml:79:9
	android:process
		ADDED from AndroidManifest.xml:81:13
	android:name
		ADDED from AndroidManifest.xml:80:13
activity#com.umeng.update.UpdateDialogActivity
ADDED from AndroidManifest.xml:84:9
	android:theme
		ADDED from AndroidManifest.xml:86:13
	android:name
		ADDED from AndroidManifest.xml:85:13
service#com.baidu.location.f
ADDED from AndroidManifest.xml:89:9
	android:process
		ADDED from AndroidManifest.xml:92:13
	android:enabled
		ADDED from AndroidManifest.xml:91:13
	android:name
		ADDED from AndroidManifest.xml:90:13
meta-data#UMENG_APPKEY
ADDED from AndroidManifest.xml:95:9
	android:name
		ADDED from AndroidManifest.xml:96:13
	android:value
		ADDED from AndroidManifest.xml:97:13
meta-data#UMENG_CHANNEL
ADDED from AndroidManifest.xml:98:9
	android:name
		ADDED from AndroidManifest.xml:99:13
	android:value
		ADDED from AndroidManifest.xml:100:13
meta-data#com.baidu.lbsapi.API_KEY
ADDED from AndroidManifest.xml:101:9
	android:name
		ADDED from AndroidManifest.xml:102:13
	android:value
		ADDED from AndroidManifest.xml:103:13
activity#com.umeng.socialize.view.ShareActivity
ADDED from AndroidManifest.xml:105:9
	android:windowSoftInputMode
		ADDED from AndroidManifest.xml:111:13
	android:noHistory
		ADDED from AndroidManifest.xml:109:13
	android:configChanges
		ADDED from AndroidManifest.xml:107:13
	android:theme
		ADDED from AndroidManifest.xml:110:13
	android:name
		ADDED from AndroidManifest.xml:106:13
	android:launchMode
		ADDED from AndroidManifest.xml:108:13
activity#pku.ss.cyy.myweather.yxapi.YXEntryActivity
ADDED from AndroidManifest.xml:112:9
	android:screenOrientation
		ADDED from AndroidManifest.xml:116:13
	android:configChanges
		ADDED from AndroidManifest.xml:114:13
	android:theme
		ADDED from AndroidManifest.xml:117:13
	android:exported
		ADDED from AndroidManifest.xml:115:13
	android:name
		ADDED from AndroidManifest.xml:113:13
activity#pku.ss.cyy.myweather.wxapi.WXEntryActivity
ADDED from AndroidManifest.xml:118:9
	android:screenOrientation
		ADDED from AndroidManifest.xml:122:13
	android:configChanges
		ADDED from AndroidManifest.xml:120:13
	android:theme
		ADDED from AndroidManifest.xml:123:13
	android:exported
		ADDED from AndroidManifest.xml:121:13
	android:name
		ADDED from AndroidManifest.xml:119:13
activity#com.umeng.socialize.view.CommentActivity
ADDED from AndroidManifest.xml:124:9
	android:configChanges
		ADDED from AndroidManifest.xml:126:13
	android:theme
		ADDED from AndroidManifest.xml:127:13
	android:name
		ADDED from AndroidManifest.xml:125:13
activity#com.umeng.socialize.view.CommentDetail
ADDED from AndroidManifest.xml:128:9
	android:noHistory
		ADDED from AndroidManifest.xml:131:13
	android:configChanges
		ADDED from AndroidManifest.xml:130:13
	android:theme
		ADDED from AndroidManifest.xml:132:13
	android:name
		ADDED from AndroidManifest.xml:129:13
activity#com.umeng.socialize.view.CommentDetailNoMap
ADDED from AndroidManifest.xml:133:9
	android:noHistory
		ADDED from AndroidManifest.xml:136:13
	android:configChanges
		ADDED from AndroidManifest.xml:135:13
	android:theme
		ADDED from AndroidManifest.xml:137:13
	android:name
		ADDED from AndroidManifest.xml:134:13
activity#com.tencent.tauth.AuthActivity
ADDED from AndroidManifest.xml:139:9
	android:noHistory
		ADDED from AndroidManifest.xml:142:13
	android:name
		ADDED from AndroidManifest.xml:140:13
	android:launchMode
		ADDED from AndroidManifest.xml:141:13
intent-filter#android.intent.action.VIEW+android.intent.category.BROWSABLE+android.intent.category.DEFAULT
ADDED from AndroidManifest.xml:143:13
action#android.intent.action.VIEW
ADDED from AndroidManifest.xml:144:17
	android:name
		ADDED from AndroidManifest.xml:144:25
category#android.intent.category.DEFAULT
ADDED from AndroidManifest.xml:146:17
	android:name
		ADDED from AndroidManifest.xml:146:27
category#android.intent.category.BROWSABLE
ADDED from AndroidManifest.xml:147:17
	android:name
		ADDED from AndroidManifest.xml:147:27
data
ADDED from AndroidManifest.xml:149:17
	android:scheme
		ADDED from AndroidManifest.xml:149:23
activity#com.tencent.connect.common.AssistActivity
ADDED from AndroidManifest.xml:152:9
	android:screenOrientation
		ADDED from AndroidManifest.xml:154:13
	android:theme
		ADDED from AndroidManifest.xml:155:13
	android:name
		ADDED from AndroidManifest.xml:153:13
activity#pku.ss.cyy.myweather.CityList
ADDED from AndroidManifest.xml:157:9
	android:label
		ADDED from AndroidManifest.xml:159:13
	android:name
		ADDED from AndroidManifest.xml:158:13
receiver#pku.ss.cyy.receiver.RemindReceiver
ADDED from AndroidManifest.xml:162:9
	android:exported
		ADDED from AndroidManifest.xml:165:13
	android:enabled
		ADDED from AndroidManifest.xml:164:13
	android:name
		ADDED from AndroidManifest.xml:163:13
receiver#pku.ss.cyy.myweather.WeatherWidget
ADDED from AndroidManifest.xml:167:9
	android:name
		ADDED from AndroidManifest.xml:167:19
intent-filter#android.appwidget.action.APPWIDGET_UPDATE+pku.ss.cyy.myweather.action.APPWIDGET_UPDATE
ADDED from AndroidManifest.xml:168:13
action#android.appwidget.action.APPWIDGET_UPDATE
ADDED from AndroidManifest.xml:169:17
	android:name
		ADDED from AndroidManifest.xml:169:25
action#pku.ss.cyy.myweather.action.APPWIDGET_UPDATE
ADDED from AndroidManifest.xml:170:17
	android:name
		ADDED from AndroidManifest.xml:170:25
meta-data#android.appwidget.provider
ADDED from AndroidManifest.xml:173:13
	android:resource
		ADDED from AndroidManifest.xml:175:17
	android:name
		ADDED from AndroidManifest.xml:174:17
activity#pku.ss.cyy.myweather.WeatherWidgetConfigureActivity
ADDED from AndroidManifest.xml:178:9
	android:name
		ADDED from AndroidManifest.xml:178:19
intent-filter#android.appwidget.action.APPWIDGET_CONFIGURE
ADDED from AndroidManifest.xml:179:13
action#android.appwidget.action.APPWIDGET_CONFIGURE
ADDED from AndroidManifest.xml:180:17
	android:name
		ADDED from AndroidManifest.xml:180:25
activity#pku.ss.cyy.myweather.LockScreen
ADDED from AndroidManifest.xml:183:9
	android:label
		ADDED from AndroidManifest.xml:185:13
	android:name
		ADDED from AndroidManifest.xml:184:13
	android:launchMode
		ADDED from AndroidManifest.xml:186:13
receiver#pku.ss.cyy.receiver.LockReceiver
ADDED from AndroidManifest.xml:189:9
	android:exported
		ADDED from AndroidManifest.xml:192:13
	android:enabled
		ADDED from AndroidManifest.xml:191:13
	android:name
		ADDED from AndroidManifest.xml:190:13
intent-filter#android.intent.action.SCREEN_OFF+android.intent.action.SCREEN_ON
ADDED from AndroidManifest.xml:193:13
	android:priority
		ADDED from AndroidManifest.xml:193:28
action#android.intent.action.SCREEN_ON
ADDED from AndroidManifest.xml:194:17
	android:name
		ADDED from AndroidManifest.xml:194:25
action#android.intent.action.SCREEN_OFF
ADDED from AndroidManifest.xml:195:17
	android:name
		ADDED from AndroidManifest.xml:195:25
uses-sdk
INJECTED from AndroidManifest.xml:0:0 reason: use-sdk injection requested
MERGED from com.android.support:appcompat-v7:22.0.0:20:5
MERGED from com.android.support:support-v4:22.0.0:20:5
MERGED from com.android.support:support-v4:22.0.0:20:5
	android:targetSdkVersion
		INJECTED from AndroidManifest.xml:0:0
		INJECTED from AndroidManifest.xml:0:0
	android:minSdkVersion
		INJECTED from AndroidManifest.xml:0:0
		INJECTED from AndroidManifest.xml:0:0